[    0.000000] Linux version 4.15.0-124-generic (buildd@lgw01-amd64-029) (gcc version 7.5.0 (Ubuntu 7.5.0-3ubuntu1~18.04)) #127-Ubuntu SMP Fri Nov 6 10:54:43 UTC 2020 (Ubuntu 4.15.0-124.127-generic 4.15.18)
[    0.000000] Command line: BOOT_IMAGE=/boot/vmlinuz-4.15.0-124-generic root=LABEL=cloudimg-rootfs ro console=tty1 console=ttyS0
[    0.000000] KERNEL supported cpus:
[    0.000000]   Intel GenuineIntel
[    0.000000]   AMD AuthenticAMD
[    0.000000]   Centaur CentaurHauls
[    0.000000] x86/fpu: x87 FPU will use FXSAVE
[    0.000000] e820: BIOS-provided physical RAM map:
[    0.000000] BIOS-e820: [mem 0x0000000000000000-0x000000000009fbff] usable
[    0.000000] BIOS-e820: [mem 0x000000000009fc00-0x000000000009ffff] reserved
[    0.000000] BIOS-e820: [mem 0x00000000000f0000-0x00000000000fffff] reserved
[    0.000000] BIOS-e820: [mem 0x0000000000100000-0x000000003ffeffff] usable
[    0.000000] BIOS-e820: [mem 0x000000003fff0000-0x000000003fffffff] ACPI data
[    0.000000] BIOS-e820: [mem 0x00000000fec00000-0x00000000fec00fff] reserved
[    0.000000] BIOS-e820: [mem 0x00000000fee00000-0x00000000fee00fff] reserved
[    0.000000] BIOS-e820: [mem 0x00000000fffc0000-0x00000000ffffffff] reserved
[    0.000000] NX (Execute Disable) protection: active
[    0.000000] SMBIOS 2.5 present.
[    0.000000] DMI: innotek GmbH VirtualBox/VirtualBox, BIOS VirtualBox 12/01/2006
[    0.000000] Hypervisor detected: KVM
[    0.000000] e820: last_pfn = 0x3fff0 max_arch_pfn = 0x400000000
[    0.000000] MTRR: Disabled
[    0.000000] x86/PAT: MTRRs disabled, skipping PAT initialization too.
[    0.000000] CPU MTRRs all blank - virtualized system.
[    0.000000] x86/PAT: Configuration [0-7]: WB  WT  UC- UC  WB  WT  UC- UC  
[    0.000000] found SMP MP-table at [mem 0x0009fff0-0x0009ffff]
[    0.000000] Scanning 1 areas for low memory corruption
[    0.000000] RAMDISK: [mem 0x35a67000-0x36d2afff]
[    0.000000] ACPI: Early table checksum verification disabled
[    0.000000] ACPI: RSDP 0x00000000000E0000 000024 (v02 VBOX  )
[    0.000000] ACPI: XSDT 0x000000003FFF0030 00003C (v01 VBOX   VBOXXSDT 00000001 ASL  00000061)
[    0.000000] ACPI: FACP 0x000000003FFF00F0 0000F4 (v04 VBOX   VBOXFACP 00000001 ASL  00000061)
[    0.000000] ACPI: DSDT 0x000000003FFF0470 002325 (v02 VBOX   VBOXBIOS 00000002 INTL 20100528)
[    0.000000] ACPI: FACS 0x000000003FFF0200 000040
[    0.000000] ACPI: FACS 0x000000003FFF0200 000040
[    0.000000] ACPI: APIC 0x000000003FFF0240 00005C (v02 VBOX   VBOXAPIC 00000001 ASL  00000061)
[    0.000000] ACPI: SSDT 0x000000003FFF02A0 0001CC (v01 VBOX   VBOXCPUT 00000002 INTL 20100528)
[    0.000000] No NUMA configuration found
[    0.000000] Faking a node at [mem 0x0000000000000000-0x000000003ffeffff]
[    0.000000] NODE_DATA(0) allocated [mem 0x3ffc5000-0x3ffeffff]
[    0.000000] kvm-clock: cpu 0, msr 0:3ff44001, primary cpu clock
[    0.000000] kvm-clock: Using msrs 4b564d01 and 4b564d00
[    0.000000] kvm-clock: using sched offset of 4217110747 cycles
[    0.000000] clocksource: kvm-clock: mask: 0xffffffffffffffff max_cycles: 0x1cd42e4dffb, max_idle_ns: 881590591483 ns
[    0.000000] Zone ranges:
[    0.000000]   DMA      [mem 0x0000000000001000-0x0000000000ffffff]
[    0.000000]   DMA32    [mem 0x0000000001000000-0x000000003ffeffff]
[    0.000000]   Normal   empty
[    0.000000]   Device   empty
[    0.000000] Movable zone start for each node
[    0.000000] Early memory node ranges
[    0.000000]   node   0: [mem 0x0000000000001000-0x000000000009efff]
[    0.000000]   node   0: [mem 0x0000000000100000-0x000000003ffeffff]
[    0.000000] Reserved but unavailable: 98 pages
[    0.000000] Initmem setup node 0 [mem 0x0000000000001000-0x000000003ffeffff]
[    0.000000] ACPI: PM-Timer IO Port: 0x4008
[    0.000000] IOAPIC[0]: apic_id 2, version 32, address 0xfec00000, GSI 0-23
[    0.000000] ACPI: INT_SRC_OVR (bus 0 bus_irq 0 global_irq 2 dfl dfl)
[    0.000000] ACPI: INT_SRC_OVR (bus 0 bus_irq 9 global_irq 9 low level)
[    0.000000] Using ACPI (MADT) for SMP configuration information
[    0.000000] smpboot: Allowing 2 CPUs, 0 hotplug CPUs
[    0.000000] PM: Registered nosave memory: [mem 0x00000000-0x00000fff]
[    0.000000] PM: Registered nosave memory: [mem 0x0009f000-0x0009ffff]
[    0.000000] PM: Registered nosave memory: [mem 0x000a0000-0x000effff]
[    0.000000] PM: Registered nosave memory: [mem 0x000f0000-0x000fffff]
[    0.000000] e820: [mem 0x40000000-0xfebfffff] available for PCI devices
[    0.000000] Booting paravirtualized kernel on KVM
[    0.000000] clocksource: refined-jiffies: mask: 0xffffffff max_cycles: 0xffffffff, max_idle_ns: 7645519600211568 ns
[    0.000000] random: get_random_bytes called from start_kernel+0x99/0x500 with crng_init=0
[    0.000000] setup_percpu: NR_CPUS:8192 nr_cpumask_bits:2 nr_cpu_ids:2 nr_node_ids:1
[    0.000000] percpu: Embedded 45 pages/cpu s147456 r8192 d28672 u1048576
[    0.000000] PV qspinlock hash table entries: 256 (order: 0, 4096 bytes)
[    0.000000] Built 1 zonelists, mobility grouping on.  Total pages: 257913
[    0.000000] Policy zone: DMA32
[    0.000000] Kernel command line: BOOT_IMAGE=/boot/vmlinuz-4.15.0-124-generic root=LABEL=cloudimg-rootfs ro console=tty1 console=ttyS0
[    0.000000] Memory: 983032K/1048120K available (12300K kernel code, 2482K rwdata, 4272K rodata, 2436K init, 2724K bss, 65088K reserved, 0K cma-reserved)
[    0.000000] SLUB: HWalign=64, Order=0-3, MinObjects=0, CPUs=2, Nodes=1
[    0.000000] Kernel/User page tables isolation: enabled
[    0.000000] ftrace: allocating 39402 entries in 154 pages
[    0.004000] Hierarchical RCU implementation.
[    0.004000] 	RCU restricting CPUs from NR_CPUS=8192 to nr_cpu_ids=2.
[    0.004000] 	Tasks RCU enabled.
[    0.004000] RCU: Adjusting geometry for rcu_fanout_leaf=16, nr_cpu_ids=2
[    0.004000] NR_IRQS: 524544, nr_irqs: 440, preallocated irqs: 16
[    0.004000] Console: colour VGA+ 80x25
[    0.004000] console [tty1] enabled
[    0.004000] console [ttyS0] enabled
[    0.004000] ACPI: Core revision 20170831
[    0.004000] ACPI: 2 ACPI AML tables successfully acquired and loaded
[    0.004000] APIC: Switch to symmetric I/O mode setup
[    0.004000] ..TIMER: vector=0x30 apic1=0 pin1=2 apic2=-1 pin2=-1
[    0.004005] tsc: Detected 3696.010 MHz processor
[    0.008008] Calibrating delay loop (skipped) preset value.. 7392.02 BogoMIPS (lpj=14784040)
[    0.012003] pid_max: default: 32768 minimum: 301
[    0.016062] Security Framework initialized
[    0.018453] Yama: becoming mindful.
[    0.020093] AppArmor: AppArmor initialized
[    0.029788] Dentry cache hash table entries: 131072 (order: 8, 1048576 bytes)
[    0.033662] Inode-cache hash table entries: 65536 (order: 7, 524288 bytes)
[    0.036075] Mount-cache hash table entries: 2048 (order: 2, 16384 bytes)
[    0.040103] Mountpoint-cache hash table entries: 2048 (order: 2, 16384 bytes)
[    0.044913] Last level iTLB entries: 4KB 64, 2MB 8, 4MB 8
[    0.048002] Last level dTLB entries: 4KB 64, 2MB 0, 4MB 0, 1GB 4
[    0.052005] Spectre V1 : Mitigation: usercopy/swapgs barriers and __user pointer sanitization
[    0.056003] Spectre V2 : Mitigation: Full generic retpoline
[    0.060001] Spectre V2 : Spectre v2 / SpectreRSB mitigation: Filling RSB on context switch
[    0.064002] Speculative Store Bypass: Vulnerable
[    0.068033] MDS: Mitigation: Clear CPU buffers
[    0.070728] Freeing SMP alternatives memory: 36K
[    0.185456] smpboot: CPU0: Intel(R) Core(TM) i7-8700K CPU @ 3.70GHz (family: 0x6, model: 0x9e, stepping: 0xa)
[    0.188392] Performance Events: unsupported p6 CPU model 158 no PMU driver, software events only.
[    0.192104] Hierarchical SRCU implementation.
[    0.196754] NMI watchdog: Perf event create on CPU 0 failed with -2
[    0.200004] NMI watchdog: Perf NMI watchdog permanently disabled
[    0.204298] smp: Bringing up secondary CPUs ...
[    0.208666] x86: Booting SMP configuration:
[    0.211444] .... node  #0, CPUs:      #1
[    0.004000] kvm-clock: cpu 1, msr 0:3ff44041, secondary cpu clock
[    0.218789] TSC synchronization [CPU#0 -> CPU#1]:
[    0.220000] Measured 69116 cycles TSC warp between CPUs, turning off TSC clock.
[    0.220000] tsc: Marking TSC unstable due to check_tsc_sync_source failed
[    0.220037] smp: Brought up 1 node, 2 CPUs
[    0.224006] smpboot: Max logical packages: 1
[    0.228003] smpboot: Total of 2 processors activated (14784.04 BogoMIPS)
[    0.232480] devtmpfs: initialized
[    0.234495] x86/mm: Memory block size: 128MB
[    0.236345] evm: security.selinux
[    0.240004] evm: security.SMACK64
[    0.242253] evm: security.SMACK64EXEC
[    0.244002] evm: security.SMACK64TRANSMUTE
[    0.246230] evm: security.SMACK64MMAP
[    0.248002] evm: security.apparmor
[    0.249899] evm: security.ima
[    0.252004] evm: security.capability
[    0.256599] clocksource: jiffies: mask: 0xffffffff max_cycles: 0xffffffff, max_idle_ns: 7645041785100000 ns
[    0.260012] futex hash table entries: 512 (order: 3, 32768 bytes)
[    0.264361] pinctrl core: initialized pinctrl subsystem
[    0.268373] RTC time: 14:33:19, date: 11/25/20
[    0.276143] NET: Registered protocol family 16
[    0.278658] audit: initializing netlink subsys (disabled)
[    0.280173] audit: type=2000 audit(1606314804.894:1): state=initialized audit_enabled=0 res=1
[    0.288009] cpuidle: using governor ladder
[    0.292009] cpuidle: using governor menu
[    0.294229] ACPI: bus type PCI registered
[    0.296003] acpiphp: ACPI Hot Plug PCI Controller Driver version: 0.5
[    0.300391] PCI: Using configuration type 1 for base access
[    0.308299] HugeTLB registered 2.00 MiB page size, pre-allocated 0 pages
[    0.316458] ACPI: Added _OSI(Module Device)
[    0.320013] ACPI: Added _OSI(Processor Device)
[    0.323023] ACPI: Added _OSI(3.0 _SCP Extensions)
[    0.324004] ACPI: Added _OSI(Processor Aggregator Device)
[    0.328003] ACPI: Added _OSI(Linux-Dell-Video)
[    0.330383] ACPI: Added _OSI(Linux-Lenovo-NV-HDMI-Audio)
[    0.332003] ACPI: Added _OSI(Linux-HPI-Hybrid-Graphics)
[    0.336572] ACPI: Executed 1 blocks of module-level executable AML code
[    0.345135] ACPI: Interpreter enabled
[    0.347158] ACPI: (supports S0 S5)
[    0.348002] ACPI: Using IOAPIC for interrupt routing
[    0.352252] PCI: Using host bridge windows from ACPI; if necessary, use "pci=nocrs" and report a bug
[    0.356172] ACPI: Enabled 2 GPEs in block 00 to 07
[    0.367325] ACPI: PCI Root Bridge [PCI0] (domain 0000 [bus 00-ff])
[    0.368015] acpi PNP0A03:00: _OSC: OS supports [ASPM ClockPM Segments MSI]
[    0.372558] acpi PNP0A03:00: _OSC: not requesting OS control; OS requires [ExtendedConfig ASPM ClockPM MSI]
[    0.376012] acpi PNP0A03:00: fail to add MMCONFIG information, can't access extended PCI configuration space under this bridge.
[    0.380486] PCI host bridge to bus 0000:00
[    0.382796] pci_bus 0000:00: root bus resource [io  0x0000-0x0cf7 window]
[    0.384005] pci_bus 0000:00: root bus resource [io  0x0d00-0xffff window]
[    0.388003] pci_bus 0000:00: root bus resource [mem 0x000a0000-0x000bffff window]
[    0.392010] pci_bus 0000:00: root bus resource [mem 0x40000000-0xfdffffff window]
[    0.396007] pci_bus 0000:00: root bus resource [bus 00-ff]
[    0.402313] pci 0000:00:01.1: legacy IDE quirk: reg 0x10: [io  0x01f0-0x01f7]
[    0.404004] pci 0000:00:01.1: legacy IDE quirk: reg 0x14: [io  0x03f6]
[    0.408006] pci 0000:00:01.1: legacy IDE quirk: reg 0x18: [io  0x0170-0x0177]
[    0.412005] pci 0000:00:01.1: legacy IDE quirk: reg 0x1c: [io  0x0376]
[    0.466081] pci 0000:00:07.0: quirk: [io  0x4000-0x403f] claimed by PIIX4 ACPI
[    0.468026] pci 0000:00:07.0: quirk: [io  0x4100-0x410f] claimed by PIIX4 SMB
[    0.478047] ACPI: PCI Interrupt Link [LNKA] (IRQs 5 9 10 *11)
[    0.480402] ACPI: PCI Interrupt Link [LNKB] (IRQs 5 9 *10 11)
[    0.484147] ACPI: PCI Interrupt Link [LNKC] (IRQs 5 *9 10 11)
[    0.488142] ACPI: PCI Interrupt Link [LNKD] (IRQs 5 9 10 *11)
[    0.492751] SCSI subsystem initialized
[    0.496227] pci 0000:00:02.0: vgaarb: setting as boot VGA device
[    0.499847] pci 0000:00:02.0: vgaarb: VGA device added: decodes=io+mem,owns=io+mem,locks=none
[    0.500007] pci 0000:00:02.0: vgaarb: bridge control possible
[    0.503134] vgaarb: loaded
[    0.504063] ACPI: bus type USB registered
[    0.508070] usbcore: registered new interface driver usbfs
[    0.511210] usbcore: registered new interface driver hub
[    0.516096] usbcore: registered new device driver usb
[    0.520224] EDAC MC: Ver: 3.0.0
[    0.524247] PCI: Using ACPI for IRQ routing
[    0.528544] NetLabel: Initializing
[    0.530666] NetLabel:  domain hash size = 128
[    0.532002] NetLabel:  protocols = UNLABELED CIPSOv4 CALIPSO
[    0.536019] NetLabel:  unlabeled traffic allowed by default
[    0.540272] clocksource: Switched to clocksource kvm-clock
[    0.585122] VFS: Disk quotas dquot_6.6.0
[    0.587326] VFS: Dquot-cache hash table entries: 512 (order 0, 4096 bytes)
[    0.588929] AppArmor: AppArmor Filesystem Enabled
[    0.588929] pnp: PnP ACPI init
[    0.588929] pnp: PnP ACPI: found 3 devices
[    0.633461] clocksource: acpi_pm: mask: 0xffffff max_cycles: 0xffffff, max_idle_ns: 2085701024 ns
[    0.636510] NET: Registered protocol family 2
[    0.641558] TCP established hash table entries: 8192 (order: 4, 65536 bytes)
[    0.645888] TCP bind hash table entries: 8192 (order: 5, 131072 bytes)
[    0.650103] TCP: Hash tables configured (established 8192 bind 8192)
[    0.653680] UDP hash table entries: 512 (order: 2, 16384 bytes)
[    0.653680] UDP-Lite hash table entries: 512 (order: 2, 16384 bytes)
[    0.653680] NET: Registered protocol family 1
[    0.653680] pci 0000:00:00.0: Limiting direct PCI/PCI transfers
[    0.653680] pci 0000:00:01.0: Activating ISA DMA hang workarounds
[    0.653680] pci 0000:00:02.0: Video device with shadowed ROM at [mem 0x000c0000-0x000dffff]
[    0.653680] Unpacking initramfs...
[    1.089096] Freeing initrd memory: 19216K
[    1.092321] clocksource: tsc: mask: 0xffffffffffffffff max_cycles: 0x6a8d38b1514, max_idle_ns: 881590632300 ns
[    1.098696] platform rtc_cmos: registered platform RTC device (no PNP device found)
[    1.103681] Scanning for low memory corruption every 60 seconds
[    1.108361] Initialise system trusted keyrings
[    1.110785] Key type blacklist registered
[    1.114724] workingset: timestamp_bits=36 max_order=18 bucket_order=0
[    1.120752] zbud: loaded
[    1.123385] squashfs: version 4.0 (2009/01/31) Phillip Lougher
[    1.128525] fuse init (API version 7.26)
[    1.158205] Key type asymmetric registered
[    1.160443] Asymmetric key parser 'x509' registered
[    1.164500] Block layer SCSI generic (bsg) driver version 0.4 loaded (major 246)
[    1.169191] io scheduler noop registered
[    1.171384] io scheduler deadline registered
[    1.174232] io scheduler cfq registered (default)
[    1.177520] ACPI: AC Adapter [AC] (on-line)
[    1.180278] input: Power Button as /devices/LNXSYSTM:00/LNXPWRBN:00/input/input0
[    1.185293] ACPI: Power Button [PWRF]
[    1.187423] input: Sleep Button as /devices/LNXSYSTM:00/LNXSLPBN:00/input/input1
[    1.192195] ACPI: Sleep Button [SLPF]
[    1.195900] Serial: 8250/16550 driver, 32 ports, IRQ sharing enabled
[    1.223709] 00:02: ttyS0 at I/O 0x3f8 (irq = 4, base_baud = 115200) is a 16550A
[    1.239811] Linux agpgart interface v0.103
[    1.247156] loop: module loaded
[    1.250799] scsi host0: ata_piix
[    1.253429] scsi host1: ata_piix
[    1.255310] ata1: PATA max UDMA/33 cmd 0x1f0 ctl 0x3f6 bmdma 0xd000 irq 14
[    1.259574] ata2: PATA max UDMA/33 cmd 0x170 ctl 0x376 bmdma 0xd008 irq 15
[    1.264805] libphy: Fixed MDIO Bus: probed
[    1.267765] tun: Universal TUN/TAP device driver, 1.6
[    1.270928] PPP generic driver version 2.4.2
[    1.273638] ehci_hcd: USB 2.0 'Enhanced' Host Controller (EHCI) Driver
[    1.277363] ehci-pci: EHCI PCI platform driver
[    1.280016] ehci-platform: EHCI generic platform driver
[    1.283082] ohci_hcd: USB 1.1 'Open' Host Controller (OHCI) Driver
[    1.286411] ohci-pci: OHCI PCI platform driver
[    1.289030] ohci-platform: OHCI generic platform driver
[    1.292031] uhci_hcd: USB Universal Host Controller Interface driver
[    1.295643] i8042: PNP: PS/2 Controller [PNP0303:PS2K,PNP0f03:PS2M] at 0x60,0x64 irq 1,12
[    1.302332] serio: i8042 KBD port at 0x60,0x64 irq 1
[    1.304152] serio: i8042 AUX port at 0x60,0x64 irq 12
[    1.308140] mousedev: PS/2 mouse device common for all mice
[    1.313360] rtc_cmos rtc_cmos: rtc core: registered rtc_cmos as rtc0
[    1.318573] rtc_cmos rtc_cmos: alarms up to one day, 114 bytes nvram
[    1.323136] i2c /dev entries driver
[    1.325962] device-mapper: uevent: version 1.0.3
[    1.329520] input: AT Translated Set 2 keyboard as /devices/platform/i8042/serio0/input/input2
[    1.335055] device-mapper: ioctl: 4.37.0-ioctl (2017-09-20) initialised: dm-devel@redhat.com
[    1.341212] ledtrig-cpu: registered to indicate activity on CPUs
[    1.347605] NET: Registered protocol family 10
[    1.355691] Segment Routing with IPv6
[    1.358537] NET: Registered protocol family 17
[    1.361557] Key type dns_resolver registered
[    1.364953] mce: Using 0 MCE banks
[    1.366952] RAS: Correctable Errors collector initialized.
[    1.370323] sched_clock: Marking stable (1370278399, 0)->(2094527845, -724249446)
[    1.378416] registered taskstats version 1
[    1.381096] Loading compiled-in X.509 certificates
[    1.386516] Loaded X.509 cert 'Build time autogenerated kernel key: be62403dcace2d46f96dafa9f42421c610ef3c2a'
[    1.392639] zswap: loaded using pool lzo/zbud
[    1.401721] Key type big_key registered
[    1.403913] Key type trusted registered
[    1.409256] Key type encrypted registered
[    1.411569] AppArmor: AppArmor sha1 policy hashing enabled
[    1.415715] ima: No TPM chip found, activating TPM-bypass! (rc=-19)
[    1.420145] ima: Allocated hash algorithm: sha1
[    1.422694] evm: HMAC attrs: 0x1
[    1.428574]   Magic number: 12:424:587
[    1.447828] rtc_cmos rtc_cmos: setting system clock to 2020-11-25 14:33:20 UTC (1606314800)
[    1.470781] BIOS EDD facility v0.16 2004-Jun-25, 0 devices found
[    1.474196] EDD information not available.
[    1.479288] Freeing unused kernel image memory: 2436K
[    1.498988] Write protecting the kernel read-only data: 20480k
[    1.502848] Freeing unused kernel image memory: 2008K
[    1.506178] Freeing unused kernel image memory: 1872K
[    1.513251] x86/mm: Checked W+X mappings: passed, no W+X pages found.
[    1.516779] x86/mm: Checking user space page tables
[    1.523832] x86/mm: Checked W+X mappings: passed, no W+X pages found.
Loading, please wait...
starting version 237
[    1.590541] Fusion MPT base driver 3.04.20
[    1.592897] Copyright (c) 1999-2008 LSI Corporation
[    1.599611] e1000: Intel(R) PRO/1000 Network Driver - version 7.3.21-k8-NAPI
[    1.605125] e1000: Copyright (c) 1999-2006 Intel Corporation.
[    1.611365] Fusion MPT SPI Host driver 3.04.20
[    1.616296] mptbase: ioc0: Initiating bringup
[    1.723074] ioc0: LSI53C1030 A0: Capabilities={Initiator}
[    1.859481] input: ImExPS/2 Generic Explorer Mouse as /devices/platform/i8042/serio1/input/input4
[    2.074940] scsi host2: ioc0: LSI53C1030 A0, FwRev=00000000h, Ports=1, MaxQ=256, IRQ=20
[    2.248910] scsi 2:0:0:0: Direct-Access     VBOX     HARDDISK         1.0  PQ: 0 ANSI: 5
[    2.284300] scsi target2:0:0: Beginning Domain Validation
[    2.293532] scsi target2:0:0: Domain Validation skipping write tests
[    2.297485] scsi target2:0:0: Ending Domain Validation
[    2.300917] scsi target2:0:0: asynchronous
[    2.305349] scsi 2:0:1:0: Direct-Access     VBOX     HARDDISK         1.0  PQ: 0 ANSI: 5
[    2.660784] scsi target2:0:1: Beginning Domain Validation
[    2.666168] random: fast init done
[    2.679119] scsi target2:0:1: Domain Validation skipping write tests
[    2.684276] scsi target2:0:1: Ending Domain Validation
[    2.687513] scsi target2:0:1: asynchronous
[    2.714169] sd 2:0:0:0: Attached scsi generic sg0 type 0
[    2.718443] sd 2:0:1:0: Attached scsi generic sg1 type 0
[    2.721168] sd 2:0:0:0: [sda] 20971520 512-byte logical blocks: (10.7 GB/10.0 GiB)
[    2.727164] random: systemd-udevd: uninitialized urandom read (16 bytes read)
[    2.732822] sd 2:0:0:0: [sda] Write Protect is off
[    2.735887] sd 2:0:0:0: [sda] Incomplete mode parameter data
[    2.740242] sd 2:0:0:0: [sda] Assuming drive cache: write through
[    2.743702] random: systemd-udevd: uninitialized urandom read (16 bytes read)
[    2.750966] random: systemd-udevd: uninitialized urandom read (16 bytes read)
[    2.753271] sd 2:0:1:0: [sdb] 20480 512-byte logical blocks: (10.5 MB/10.0 MiB)
[    2.763212] sd 2:0:1:0: [sdb] Write Protect is off
[    2.767139] sd 2:0:1:0: [sdb] Incomplete mode parameter data
[    2.770787] sd 2:0:1:0: [sdb] Assuming drive cache: write through
[    2.798468]  sda: sda1
[    2.803608] sd 2:0:0:0: [sda] Attached SCSI disk
[    2.807222] sd 2:0:1:0: [sdb] Attached SCSI disk
[    2.910900] e1000 0000:00:03.0 eth0: (PCI:33MHz:32-bit) 02:45:4d:8a:ec:99
[    2.915510] e1000 0000:00:03.0 eth0: Intel(R) PRO/1000 Network Connection
[    3.527378] e1000 0000:00:08.0 eth1: (PCI:33MHz:32-bit) 08:00:27:ff:a8:d1
[    3.532535] e1000 0000:00:08.0 eth1: Intel(R) PRO/1000 Network Connection
[    3.541564] e1000 0000:00:08.0 enp0s8: renamed from eth1
[    3.561151] e1000 0000:00:03.0 enp0s3: renamed from eth0
Begin: Loading essential drivers ... [    5.444498] raid6: sse2x1   gen() 15929 MB/s
[    5.492258] raid6: sse2x1   xor() 11660 MB/s
[    5.540147] raid6: sse2x2   gen() 19061 MB/s
[    5.588282] raid6: sse2x2   xor() 13344 MB/s
[    5.636368] raid6: sse2x4   gen() 22080 MB/s
[    5.684438] raid6: sse2x4   xor() 14371 MB/s
[    5.686851] raid6: using algorithm sse2x4 gen() 22080 MB/s
[    5.689966] raid6: .... xor() 14371 MB/s, rmw enabled
[    5.692870] raid6: using ssse3x2 recovery algorithm
[    5.697865] xor: measuring software checksum speed
[   11.095479]    prefetch64-sse: -2053186.-592 MB/sec
[   11.201874]    generic_sse: 66597.000 MB/sec
[   11.204563] xor: using function: generic_sse (66597.000 MB/sec)
[   11.209502] async_tx: api initialized (async)
done.
Begin: Running /scripts/init-premount ... done.
Begin: Mounting root file system ... Begin: Running /scripts/local-top ... done.
Begin: Running /scripts/local-premount ... [   11.259628] Btrfs loaded, crc32c=crc32c-intel
Scanning for Btrfs filesystems
done.
Warning: fsck not present, so skipping root file system
[   11.438519] EXT4-fs (sda1): mounted filesystem with ordered data mode. Opts: (null)
done.
Begin: Running /scripts/local-bottom ... done.
Begin: Running /scripts/init-bottom ... done.
[   11.687527] ip_tables: (C) 2000-2006 Netfilter Core Team
[   11.707054] systemd[1]: systemd 237 running in system mode. (+PAM +AUDIT +SELINUX +IMA +APPARMOR +SMACK +SYSVINIT +UTMP +LIBCRYPTSETUP +GCRYPT +GNUTLS +ACL +XZ +LZ4 +SECCOMP +BLKID +ELFUTILS +KMOD -IDN2 +IDN -PCRE2 default-hierarchy=hybrid)
[   11.718200] systemd[1]: Detected virtualization oracle.
[   11.721017] systemd[1]: Detected architecture x86-64.

Welcome to [1mUbuntu 18.04.5 LTS[0m!

[   11.746949] systemd[1]: Set hostname to <ubuntu>.
[   11.759392] systemd[1]: Initializing machine ID from random generator.
[   11.763347] systemd[1]: Installed transient /etc/machine-id file.
[   12.099210] systemd[1]: Created slice User and Session Slice.
[[0;32m  OK  [0m] Created slice User and Session Slice.
[   12.104290] systemd[1]: Started Forward Password Requests to Wall Directory Watch.
[[0;32m  OK  [0m] Started Forward Password Requests to Wall Directory Watch.
[   12.110162] systemd[1]: Set up automount Arbitrary Executable File Formats File System Automount Point.
[[0;32m  OK  [0m] Set up automount Arbitrary Executab…rmats File System Automount Point.
[   12.117711] systemd[1]: Reached target Swap.
[[0;32m  OK  [0m] Reached target Swap.
[[0;32m  OK  [0m] Reached target System Time Synchronized.
[[0;32m  OK  [0m] Created slice System Slice.
[[0;32m  OK  [0m] Listening on LVM2 metadata daemon socket.
[[0;32m  OK  [0m] Listening on udev Control Socket.
[[0;32m  OK  [0m] Listening on /dev/initctl Compatibility Named Pipe.
[[0;32m  OK  [0m] Listening on Journal Socket.
         Starting Uncomplicated firewall...
         Starting Set the console keyboard layout...
         Starting Create list of required st…ce nodes for the current kernel...
[[0;32m  OK  [0m] Listening on Journal Audit Socket.
[[0;32m  OK  [0m] Listening on Journal Socket (/dev/log).
[[0;32m  OK  [0m] Listening on Network Service Netlink Socket.
         Mounting Huge Pages File System...
         Mounting Kernel Debug File System...
         Starting Remount Root and Kernel File Systems...
[[0;32m  OK  [0m] Listening on Syslog Socket.
         Starting Journal Service...
[[0;32m  OK  [0m] Reached target Slices.
         Mounting POSIX Message Queue File System...
[[0;32m  OK  [0m] Reached target User and Group Name Lookups.
[[0;32m  OK  [0m] Created slice system-serial\x2dgetty.slice.
[[0;32m  OK  [0m] Listening on Device-mapper event daemon FIFOs.
         Starting Monitoring of LVM2 mirrors…ng dmeventd or progress polling...
[[0;32m  OK  [0m] Listening on udev Kernel Socket.
         Starting udev Coldplug all Devices...
[[0;32m  OK  [0m] Listening on LVM2 poll daemon socket.
         Starting Load Kernel Modules...
[[0;32m  OK  [0m] Started Uncomplicated firewall.
[[0;32m  OK  [0m] Started Create list of required sta…vice nodes for the current kernel.
[[0;32m  OK  [0m] Mounted Huge Pages File System.
[[0;32m  OK  [0m] Mounted Kernel Debug File System.
[[0;32m  OK  [0m] Mounted POSIX Message Queue File System.
         Starting Create Static Device Nodes in /dev...
[[0;32m  OK  [0m] Started udev Coldplug all Devices.
[   12.260832] EXT4-fs (sda1): re-mounted. Opts: (null)
[[0;32m  OK  [0m] Started LVM2 metadata daemon.
[[0;32m  OK  [0m] Started Remount Root and Kernel File Systems.
[   12.278908] Loading iSCSI transport class v2.0-870.
[   12.288429] iscsi: registered transport (tcp)
         Starting Load/Save Random Seed...
[[0;32m  OK  [0m] Started Create Static Device Nodes in /dev.
         Starting udev Kernel Device Manager...
[[0;32m  OK  [0m] Started Journal Service.
         Starting Flush Journal to Persistent Storage...
[[0;32m  OK  [0m] Started Monitoring of LVM2 mirrors,…sing dmeventd or progress polling.
[[0;32m  OK  [0m] Started Load/Save Random Seed.
[[0;32m  OK  [0m] Started Set the console keyboard layout.
[[0;32m  OK  [0m] Reached target Local File Systems (Pre).
[[0;32m  OK  [0m] Reached target Local File Systems.
         Starting ebtables ruleset management...
         Starting Tell Plymouth To Write Out Runtime Data...
         Starting AppArmor initialization...
         Starting Commit a transient machine-id on disk...
         Starting Set console font and keymap...
[   12.446620] systemd-journald[396]: Received request to flush runtime journal from PID 1
[   12.464002] iscsi: registered transport (iser)
[[0;32m  OK  [0m] Started Load Kernel Modules.
         Starting Apply Kernel Variables...
         Mounting Kernel Configuration File System...
         Mounting FUSE Control File System...
[[0;32m  OK  [0m] Mounted Kernel Configuration File System.
[[0;32m  OK  [0m] Mounted FUSE Control File System.
[[0;32m  OK  [0m] Started Tell Plymouth To Write Out Runtime Data.
[[0;32m  OK  [0m] Started Set console font and keymap.
[[0;32m  OK  [0m] Started udev Kernel Device Manager.
[[0;32m  OK  [0m] Started Dispatch Password Requests to Console Directory Watch.
[[0;32m  OK  [0m] Reached target Local Encrypted Volumes.
[[0;32m  OK  [0m] Started Apply Kernel Variables.
[[0;32m  OK  [0m] Started Flush Journal to Persistent Storage.
[[0;32m  OK  [0m] Started Commit a transient machine-id on disk.
         Starting Create Volatile Files and Directories...
[[0;32m  OK  [0m] Started Create Volatile Files and Directories.
         Starting Update UTMP about System Boot/Shutdown...
[[0;32m  OK  [0m] Started Update UTMP about System Boot/Shutdown.
[[0;32m  OK  [0m] Started ebtables ruleset management.
[[0;32m  OK  [0m] Found device /dev/ttyS0.
[[0;32m  OK  [0m] Listening on Load/Save RF Kill Switch Status /dev/rfkill Watch.
[[0;32m  OK  [0m] Started AppArmor initialization.
         Starting Initial cloud-init job (pre-networking)...
         Starting Load AppArmor profiles managed internally by snapd...
[[0;32m  OK  [0m] Started Load AppArmor profiles managed internally by snapd.
[   14.656755] cloud-init[551]: Cloud-init v. 20.3-2-g371b392c-0ubuntu1~18.04.1 running 'init-local' at Wed, 25 Nov 2020 14:33:33 +0000. Up 14.32 seconds.
[[0;32m  OK  [0m] Started Initial cloud-init job (pre-networking).
[[0;32m  OK  [0m] Reached target Network (Pre).
         Starting Network Service...
[[0;32m  OK  [0m] Started Network Service.
         Starting Wait for Network to be Configured...
         Starting Network Name Resolution...
[[0;32m  OK  [0m] Started Network Name Resolution.
[[0;32m  OK  [0m] Reached target Host and Network Name Lookups.
[[0;32m  OK  [0m] Reached target Network.
[[0;32m  OK  [0m] Started Wait for Network to be Configured.
         Starting Initial cloud-init job (metadata service crawler)...
[   16.678985] cloud-init[678]: Cloud-init v. 20.3-2-g371b392c-0ubuntu1~18.04.1 running 'init' at Wed, 25 Nov 2020 14:33:35 +0000. Up 16.56 seconds.
[   16.684641] cloud-init[678]: ci-info: ++++++++++++++++++++++++++++++++++++++Net device info+++++++++++++++++++++++++++++++++++++++
[   16.689462] cloud-init[678]: ci-info: +--------+-------+----------------------------+---------------+--------+-------------------+
[   16.694278] cloud-init[678]: ci-info: | Device |   Up  |          Address           |      Mask     | Scope  |     Hw-Address    |
[   16.699160] cloud-init[678]: ci-info: +--------+-------+----------------------------+---------------+--------+-------------------+
[   16.704016] cloud-init[678]: ci-info: | enp0s3 |  True |         10.0.2.15          | 255.255.255.0 | global | 02:45:4d:8a:ec:99 |
[   16.708861] cloud-init[678]: ci-info: | enp0s3 |  True | fe80::45:4dff:fe8a:ec99/64 |       .       |  link  | 02:45:4d:8a:ec:99 |
[   16.713917] cloud-init[678]: ci-info: | enp0s8 | False |             .              |       .       |   .    | 08:00:27:ff:a8:d1 |
[   16.718643] cloud-init[678]: ci-info: |   lo   |  True |         127.0.0.1          |   255.0.0.0   |  host  |         .         |
[   16.723463] cloud-init[678]: ci-info: |   lo   |  True |          ::1/128           |       .       |  host  |         .         |
[   16.728392] cloud-init[678]: ci-info: +--------+-------+----------------------------+---------------+--------+-------------------+
[   16.733074] cloud-init[678]: ci-info: ++++++++++++++++++++++++++++Route IPv4 info+++++++++++++++++++++++++++++
[   16.737471] cloud-init[678]: ci-info: +-------+-------------+----------+-----------------+-----------+-------+
[   16.741826] cloud-init[678]: ci-info: | Route | Destination | Gateway  |     Genmask     | Interface | Flags |
[   16.746380] cloud-init[678]: ci-info: +-------+-------------+----------+-----------------+-----------+-------+
[   16.750776] cloud-init[678]: ci-info: |   0   |   0.0.0.0   | 10.0.2.2 |     0.0.0.0     |   enp0s3  |   UG  |
[   16.755138] cloud-init[678]: ci-info: |   1   |   10.0.2.0  | 0.0.0.0  |  255.255.255.0  |   enp0s3  |   U   |
[   16.759480] cloud-init[678]: ci-info: |   2   |   10.0.2.2  | 0.0.0.0  | 255.255.255.255 |   enp0s3  |   UH  |
[   16.763896] cloud-init[678]: ci-info: +-------+-------------+----------+-----------------+-----------+-------+
[   16.768364] cloud-init[678]: ci-info: +++++++++++++++++++Route IPv6 info+++++++++++++++++++
[   16.772324] cloud-init[678]: ci-info: +-------+-------------+---------+-----------+-------+
[   16.776308] cloud-init[678]: ci-info: | Route | Destination | Gateway | Interface | Flags |
[   16.780442] cloud-init[678]: ci-info: +-------+-------------+---------+-----------+-------+
[   16.784436] cloud-init[678]: ci-info: |   1   |  fe80::/64  |    ::   |   enp0s3  |   U   |
[   16.788409] cloud-init[678]: ci-info: |   3   |    local    |    ::   |   enp0s3  |   U   |
[   16.792344] cloud-init[678]: ci-info: |   4   |   ff00::/8  |    ::   |   enp0s3  |   U   |
[   16.796433] cloud-init[678]: ci-info: +-------+-------------+---------+-----------+-------+
[   18.388803] cloud-init[678]: Generating public/private rsa key pair.
[   18.392651] cloud-init[678]: Your identification has been saved in /etc/ssh/ssh_host_rsa_key.
[   18.397263] cloud-init[678]: Your public key has been saved in /etc/ssh/ssh_host_rsa_key.pub.
[   18.401623] cloud-init[678]: The key fingerprint is:
[   18.405088] cloud-init[678]: SHA256:HzupKuYyGEyVRug8xUuCdiKMr6qNFawriJ1aB8VMCU8 root@ubuntu-bionic
[   18.409512] cloud-init[678]: The key's randomart image is:
[   18.413181] cloud-init[678]: +---[RSA 2048]----+
[   18.416667] cloud-init[678]: |+ =oE.           |
[   18.419945] cloud-init[678]: |+* #.            |
[   18.423305] [cloud-init[678]: |=.O *            |
[   18.425267] cloud-init[678]: | *.o             |
[   18.425977] cloud-init[678]: |o.=     S .      |
[   18.426219] cloud-init[678]: |oo o     . +     |
[   18.426514] cloud-init[678]: |=+o..     =      |
[   18.426798] cloud-init[678]: |**=.o    . .     |
[   18.427088] cloud-init[678]: |B..=.....        |
[   18.427380] cloud-init[678]: +----[SHA256]-----+
[   18.427723] cloud-init[678]: Generating public/private dsa key pair.
[   18.428253] cloud-init[678]: Your identification has been saved in /etc/ssh/ssh_host_dsa_key.
[   18.428375] cloud-init[678]: Your public key has been saved in /etc/ssh/ssh_host_dsa_key.pub.
[   18.428733] cloud-init[678]: The key fingerprint is:
[   18.429094] cloud-init[678]: SHA256:JM5yHa1CT3Z/3ZvouhYgks2u+/HWkSQfnhgYzn59psU root@ubuntu-bionic
[   18.429485] cloud-init[678]: The key's randomart image is:
[   18.429756] cloud-init[678]: +---[DSA 1024]----+
[   18.430412] cloud-init[678]: |                 |
[   18.430710] cloud-init[678]: |       . .       |
[   18.430996] cloud-init[678]: |      O B o      |
[   18.431317] cloud-init[678]: |     * # B +   ..|
[   18.431578] cloud-init[678]: |    . O S X * . o|
[   18.431867] cloud-init[678]: |     o + o O E. o|
[   18.432482] cloud-init[678]: |      ... . B. o |
[   18.432811] cloud-init[678]: |     .  o. +.    |
[   18.433400] cloud-init[678]: |     .o....oo.   |
[   18.433703] cloud-init[678]: +----[SHA256]-----+
[   18.433985] cloud-init[678]: Generating public/private ecdsa key pair.
[   18.434336] cloud-init[678]: Your identification has been saved in /etc/ssh/ssh_host_ecdsa_key.
[   18.434566] cloud-init[678]: Your public key has been saved in /etc/ssh/ssh_host_ecdsa_key.pub.
[   18.434882] cloud-init[678]: The key fingerprint is:
[   18.435165] cloud-init[678]: SHA256:mqW3nExm+YXZLRdpvWL30EWxbd5rmov+Nk28Y7fMm/k root@ubuntu-bionic
[   18.435456] cloud-init[678]: The key's randomart image is:
[   18.435746] cloud-init[678]: +---[ECDSA 256]---+
[   18.436378] cloud-init[678]: |               . |
[   18.436665] cloud-init[678]: |                +|
[   18.437250] cloud-init[678]: |               .+|
[   18.437535] cloud-init[678]: |               *.|
[   18.437835] cloud-init[678]: |        S     = =|
[   18.438137] cloud-init[678]: |       = . + o =+|
[   18.438424] cloud-init[678]: |      + * o +o*=o|
[   18.438713] cloud-init[678]: |       B + .o=O*=|
[   18.439009] cloud-init[678]: |        = ooo=+BE|
[   18.439294] cloud-init[678]: +----[SHA256]-----+
[   18.439582] cloud-init[678]: Generating public/private ed25519 key pair.
[   18.439885] cloud-init[678]: Your identification has been saved in /etc/ssh/ssh_host_ed25519_key.
[   18.440497] cloud-init[678]: Your public key has been saved in /etc/ssh/ssh_host_ed25519_key.pub.
[   18.440779] cloud-init[678]: The key fingerprint is:
[   18.441073] cloud-init[678]: SHA256:QScEADCbQ4ukzdxRtUrkrMFf8+nQ+cb5ajB21AP6x58 root@ubuntu-bionic
[   18.441364] cloud-init[678]: The key's randomart image is:
[   18.441650] cloud-init[678]: +--[ED25519 256]--+
[   18.441948] cloud-init[678]: |o+..oo++= .      |
[   18.442234] cloud-init[678]: |=B.o = . +  .    |
[   18.442524] cloud-init[678]: |*.+ + + =  . o   |
[   18.442837] cloud-init[678]: | .   = o =.o. o  |
[   18.443112] cloud-init[678]: |    . o S =o . . |
[   18.443398] cloud-init[678]: |         o+oo.o  |
[   18.443687] cloud-init[678]: |         ..+=. ..|
[   18.444012] cloud-init[678]: |           ... E.|
[   18.444663] cloud-init[678]: |           ....  |
[   18.444953] cloud-init[678]: +----[SHA256]-----+
[0;32m  OK  [0m] Started Initial cloud-init job (metadata service crawler).
[[0;32m  OK  [0m] Reached target Cloud-config availability.
[[0;32m  OK  [0m] Reached target Network is Online.
         Starting Availability of block devices...
[[0;32m  OK  [0m] Reached target Remote File Systems (Pre).
[[0;32m  OK  [0m] Reached target Remote File Systems.
[[0;32m  OK  [0m] Reached target System Initialization.
[[0;32m  OK  [0m] Started Discard unused blocks once a week.
[[0;32m  OK  [0m] Started Message of the Day.
         Starting Socket activation for snappy daemon.
[[0;32m  OK  [0m] Started Daily apt download activities.
[[0;32m  OK  [0m] Listening on ACPID Listen Socket.
[[0;32m  OK  [0m] Started Daily Cleanup of Temporary Directories.
[[0;32m  OK  [0m] Listening on D-Bus System Message Bus Socket.
[[0;32m  OK  [0m] Started Daily apt upgrade and clean activities.
[[0;32m  OK  [0m] Listening on UUID daemon activation socket.
[[0;32m  OK  [0m] Started ACPI Events Check.
[[0;32m  OK  [0m] Reached target Paths.
[[0;32m  OK  [0m] Listening on Open-iSCSI iscsid Socket.
         Starting LXD - unix socket.
[[0;32m  OK  [0m] Reached target Timers.
[[0;32m  OK  [0m] Started Availability of block devices.
[[0;32m  OK  [0m] Listening on Socket activation for snappy daemon.
[[0;32m  OK  [0m] Listening on LXD - unix socket.
[[0;32m  OK  [0m] Reached target Sockets.
[[0;32m  OK  [0m] Reached target Basic System.
         Starting LXD - container startup/shutdown...
[[0;32m  OK  [0m] Started D-Bus System Message Bus.
[[0;32m  OK  [0m] Started Deferred execution scheduler.
         Starting Virtualbox guest utils...
         Starting Login Service...
         Starting Snap Daemon...
         Starting System Logging Service...
[[0;32m  OK  [0m] Started irqbalance daemon.
[[0;32m  OK  [0m] Started FUSE filesystem for LXC.
         Starting Permit User Sessions...
         Starting Pollinate to seed the pseudo random number generator...
         Starting Accounts Service...
         Starting LSB: automatic crash report generation...
         Starting LSB: Record successful boot for GRUB...
         Starting Dispatcher daemon for systemd-networkd...
[[0;32m  OK  [0m] Started Regular background program processing daemon.
[[0;32m  OK  [0m] Started System Logging Service.
[[0;32m  OK  [0m] Started Permit User Sessions.
[[0;32m  OK  [0m] Started Login Service.
[[0;32m  OK  [0m] Started Unattended Upgrades Shutdown.
         Starting Hold until boot process finishes up...
         Starting Terminate Plymouth Boot Screen...
[[0;32m  OK  [0m] Started Hold until boot process finishes up.
         Starting Set console scheme...
[[0;32m  OK  [0m] Started Serial Getty on ttyS0.
[[0;32m  OK  [0m] Started Terminate Plymouth Boot Screen.
[[0;32m  OK  [0m] Started Set console scheme.
[[0;32m  OK  [0m] Created slice system-getty.slice.
[[0;32m  OK  [0m] Started Getty on tty1.
[[0;32m  OK  [0m] Reached target Login Prompts.
         Starting Authorization Manager...
[[0;32m  OK  [0m] Started LXD - container startup/shutdown.
[[0;32m  OK  [0m] Started LSB: automatic crash report generation.
[[0;32m  OK  [0m] Started LSB: Record successful boot for GRUB.
[[0;32m  OK  [0m] Started Authorization Manager.
[[0;32m  OK  [0m] Started Accounts Service.
[[0;32m  OK  [0m] Started Virtualbox guest utils.
[[0;32m  OK  [0m] Started Dispatcher daemon for systemd-networkd.
[[0;32m  OK  [0m] Started Snap Daemon.
         Starting Wait until snapd is fully seeded...
[[0;32m  OK  [0m] Started Wait until snapd is fully seeded.
         Starting Apply the settings specified in cloud-config...
[   22.259348] cloud-init[1192]: Cloud-init v. 20.3-2-g371b392c-0ubuntu1~18.04.1 running 'modules:config' at Wed, 25 Nov 2020 14:33:40 +0000. Up 21.74 seconds.
[[0;32m  OK  [0m] Started Apply the settings specified in cloud-config.

Ubuntu 18.04.5 LTS ubuntu-bionic ttyS0

ubuntu-bionic login: ci-info: no authorized SSH keys fingerprints found for user ubuntu.
<14>Nov 25 14:33:44 ec2: 
<14>Nov 25 14:33:44 ec2: #############################################################
<14>Nov 25 14:33:44 ec2: -----BEGIN SSH HOST KEY FINGERPRINTS-----
<14>Nov 25 14:33:44 ec2: 1024 SHA256:JM5yHa1CT3Z/3ZvouhYgks2u+/HWkSQfnhgYzn59psU root@ubuntu-bionic (DSA)
<14>Nov 25 14:33:44 ec2: 256 SHA256:mqW3nExm+YXZLRdpvWL30EWxbd5rmov+Nk28Y7fMm/k root@ubuntu-bionic (ECDSA)
<14>Nov 25 14:33:44 ec2: 256 SHA256:QScEADCbQ4ukzdxRtUrkrMFf8+nQ+cb5ajB21AP6x58 root@ubuntu-bionic (ED25519)
<14>Nov 25 14:33:44 ec2: 2048 SHA256:HzupKuYyGEyVRug8xUuCdiKMr6qNFawriJ1aB8VMCU8 root@ubuntu-bionic (RSA)
<14>Nov 25 14:33:44 ec2: -----END SSH HOST KEY FINGERPRINTS-----
<14>Nov 25 14:33:44 ec2: #############################################################
-----BEGIN SSH HOST KEY KEYS-----
ecdsa-sha2-nistp256 AAAAE2VjZHNhLXNoYTItbmlzdHAyNTYAAAAIbmlzdHAyNTYAAABBBDINzz0iDBnZErI3GkYAqSw5HMHcxhmk8qC+rziNEzUdKdmVjHrQOf5MpQlxicvudiI1g8NxSy/gWgwHGkZOUm4= root@ubuntu-bionic
ssh-ed25519 AAAAC3NzaC1lZDI1NTE5AAAAIF1kP9lDGxv8wpoW15MYr3NcGlh1DsZr9xXI+dBdexuV root@ubuntu-bionic
ssh-rsa AAAAB3NzaC1yc2EAAAADAQABAAABAQDSNPysDzp1cbew5vbT/yzWJTXSQNL9Hqn9ZUQRmrJauK0QO7NcBtZQN9I/bh/9G/NfXkt5EzBtn3n/W5EKAB+oEFX+6om17AaeWtpIquR8ldlRmBcZS8YhVnVfDljkgfxdjvGwMLJcRngQou6o11M72DlezAdeCfjnZmZoJNDUNd9vdX4/DtRrY0lxobjYPq3k0iTXeiYttkZyLY3uXYSfdDYamNGBFVcygkWClD+SW88umUiVJ2tHWNDKiA44C3vT033i1BE6r7HeSGphv7miJN60pc7QHmT/0su3FlvwoID+ROrHU6th7YGCCGSTm9AjXUyzWW8SEsCQ6yIktEyl root@ubuntu-bionic
-----END SSH HOST KEY KEYS-----
[   25.798763] cloud-init[1303]: Cloud-init v. 20.3-2-g371b392c-0ubuntu1~18.04.1 running 'modules:final' at Wed, 25 Nov 2020 14:33:44 +0000. Up 25.65 seconds.
[   25.807377] cloud-init[1303]: ci-info: no authorized SSH keys fingerprints found for user ubuntu.
[   25.813164] cloud-init[1303]: Cloud-init v. 20.3-2-g371b392c-0ubuntu1~18.04.1 finished at Wed, 25 Nov 2020 14:33:44 +0000. Datasource DataSourceNoCloud [seed=/dev/sdb][dsmode=net].  Up 25.77 seconds
